2021-04-28 23:59:25,840: [INFO] Starting chromedevtools (scanner.py:177)
2021-04-28 23:59:54,574: [INFO] Finished chromedevtools (scanner.py:201)
2021-04-29 00:08:15,183: [INFO] Starting chromedevtools (scanner.py:177)
2021-04-29 00:08:44,469: [INFO] Finished chromedevtools (scanner.py:201)
2021-04-29 00:09:17,718: [INFO] Starting chromedevtools (scanner.py:177)
2021-04-29 00:09:48,446: [INFO] Finished chromedevtools (scanner.py:201)
2021-04-29 00:26:01,124: [INFO] Starting chromedevtools (scanner.py:177)
2021-04-29 00:26:30,406: [INFO] Finished chromedevtools (scanner.py:201)
2021-04-30 00:27:53,162: [INFO] Starting chromedevtools (scanner.py:177)
2021-04-30 00:28:24,910: [INFO] Finished chromedevtools (scanner.py:201)
2021-04-30 00:39:15,436: [INFO] Starting chromedevtools (scanner.py:177)
2021-04-30 00:39:44,537: [INFO] Finished chromedevtools (scanner.py:201)
2021-04-30 00:41:00,477: [INFO] Starting chromedevtools (scanner.py:177)
2021-04-30 00:41:31,440: [INFO] Finished chromedevtools (scanner.py:201)
2021-04-30 00:42:05,080: [INFO] Starting chromedevtools (scanner.py:177)
2021-04-30 00:42:35,971: [INFO] Finished chromedevtools (scanner.py:201)
2021-04-30 00:48:48,231: [INFO] Starting chromedevtools (scanner.py:177)
2021-04-30 00:49:19,787: [INFO] Finished chromedevtools (scanner.py:201)
2021-04-30 00:53:34,539: [INFO] Starting chromedevtools (scanner.py:177)
2021-04-30 00:53:48,612: [INFO] Starting chromedevtools (scanner.py:177)
2021-04-30 00:54:20,538: [INFO] Finished chromedevtools (scanner.py:201)
2021-04-30 01:00:03,250: [INFO] Starting chromedevtools (scanner.py:177)
2021-04-30 01:00:33,097: [INFO] Finished chromedevtools (scanner.py:201)
2021-04-30 01:03:57,219: [INFO] Starting chromedevtools (scanner.py:177)
2021-04-30 01:03:57,219: [ERROR] Scan module `chromedevtools` failed. (scanner.py:195)
Traceback (most recent call last):
  File "/home/ronghao/TFG/privacyscanner-master/privacyscanner/scanner.py", line 182, in scan_site
    mod.scan_site(result, scan_meta)
  File "/home/ronghao/TFG/privacyscanner-master/privacyscanner/scanmodules/chromedevtools/__init__.py", line 50, in scan_site
    content = chrome_scan.scan(result, self.logger, self.options, meta, debugging_port)
  File "/home/ronghao/TFG/privacyscanner-master/privacyscanner/scanmodules/chromedevtools/chromescan.py", line 404, in scan
    with ChromeBrowser(debugging_port, executable) as browser:
AttributeError: __enter__
2021-04-30 01:03:57,221: [INFO] Finished chromedevtools (scanner.py:201)
2021-04-30 01:03:57,222: [INFO] Starting chromedevtools (scanner.py:177)
2021-04-30 01:03:57,223: [ERROR] Scan module `chromedevtools` failed. (scanner.py:195)
Traceback (most recent call last):
  File "/home/ronghao/TFG/privacyscanner-master/privacyscanner/scanner.py", line 182, in scan_site
    mod.scan_site(result, scan_meta)
  File "/home/ronghao/TFG/privacyscanner-master/privacyscanner/scanmodules/chromedevtools/__init__.py", line 50, in scan_site
    content = chrome_scan.scan(result, self.logger, self.options, meta, debugging_port)
  File "/home/ronghao/TFG/privacyscanner-master/privacyscanner/scanmodules/chromedevtools/chromescan.py", line 404, in scan
    with ChromeBrowser(debugging_port, executable) as browser:
AttributeError: __enter__
2021-04-30 01:03:57,224: [INFO] Finished chromedevtools (scanner.py:201)
2021-04-30 01:03:57,225: [INFO] Starting chromedevtools (scanner.py:177)
2021-04-30 01:03:57,226: [ERROR] Scan module `chromedevtools` failed. (scanner.py:195)
Traceback (most recent call last):
  File "/home/ronghao/TFG/privacyscanner-master/privacyscanner/scanner.py", line 182, in scan_site
    mod.scan_site(result, scan_meta)
  File "/home/ronghao/TFG/privacyscanner-master/privacyscanner/scanmodules/chromedevtools/__init__.py", line 50, in scan_site
    content = chrome_scan.scan(result, self.logger, self.options, meta, debugging_port)
  File "/home/ronghao/TFG/privacyscanner-master/privacyscanner/scanmodules/chromedevtools/chromescan.py", line 404, in scan
    with ChromeBrowser(debugging_port, executable) as browser:
AttributeError: __enter__
2021-04-30 01:03:57,227: [INFO] Finished chromedevtools (scanner.py:201)
2021-04-30 01:03:57,228: [INFO] Starting chromedevtools (scanner.py:177)
2021-04-30 01:03:57,229: [ERROR] Scan module `chromedevtools` failed. (scanner.py:195)
Traceback (most recent call last):
  File "/home/ronghao/TFG/privacyscanner-master/privacyscanner/scanner.py", line 182, in scan_site
    mod.scan_site(result, scan_meta)
  File "/home/ronghao/TFG/privacyscanner-master/privacyscanner/scanmodules/chromedevtools/__init__.py", line 50, in scan_site
    content = chrome_scan.scan(result, self.logger, self.options, meta, debugging_port)
  File "/home/ronghao/TFG/privacyscanner-master/privacyscanner/scanmodules/chromedevtools/chromescan.py", line 404, in scan
    with ChromeBrowser(debugging_port, executable) as browser:
AttributeError: __enter__
2021-04-30 01:03:57,230: [INFO] Finished chromedevtools (scanner.py:201)
2021-04-30 15:45:21,845: [INFO] Starting chromedevtools (scanner.py:177)
2021-04-30 15:45:53,957: [INFO] Finished chromedevtools (scanner.py:201)
2021-04-30 17:44:03,341: [INFO] Starting chromedevtools (scanner.py:177)
2021-04-30 17:44:43,652: [INFO] Finished chromedevtools (scanner.py:201)
2021-05-01 11:08:09,078: [INFO] Starting chromedevtools (scanner.py:177)
2021-05-01 11:08:50,614: [INFO] Finished chromedevtools (scanner.py:201)
2021-05-01 17:27:48,980: [INFO] Starting chromedevtools (scanner.py:177)
2021-05-01 17:28:31,427: [INFO] Finished chromedevtools (scanner.py:201)
2021-05-01 17:30:18,494: [INFO] Starting chromedevtools (scanner.py:177)
2021-05-01 17:30:58,700: [INFO] Finished chromedevtools (scanner.py:201)
2021-05-01 17:34:36,400: [INFO] Starting chromedevtools (scanner.py:177)
2021-05-01 17:35:12,435: [INFO] Finished chromedevtools (scanner.py:201)
2021-05-01 17:37:06,131: [INFO] Starting chromedevtools (scanner.py:177)
2021-05-01 17:37:44,317: [INFO] Finished chromedevtools (scanner.py:201)
2021-05-01 20:32:48,430: [INFO] Starting chromedevtools (scanner.py:177)
2021-05-01 20:33:18,569: [INFO] Finished chromedevtools (scanner.py:201)
2021-05-01 20:45:37,396: [INFO] Starting chromedevtools (scanner.py:177)
2021-05-01 20:46:06,510: [INFO] Finished chromedevtools (scanner.py:201)
2021-05-01 23:53:08,466: [INFO] Starting chromedevtools (scanner.py:177)
2021-05-01 23:53:41,356: [INFO] Finished chromedevtools (scanner.py:201)
2021-05-02 00:35:31,227: [INFO] Starting chromedevtools (scanner.py:177)
2021-05-02 00:37:26,614: [INFO] Starting chromedevtools (scanner.py:177)
2021-05-02 00:37:56,827: [INFO] Finished chromedevtools (scanner.py:201)
2021-05-02 00:56:12,594: [INFO] Starting chromedevtools (scanner.py:177)
2021-05-02 00:56:47,594: [INFO] Starting chromedevtools (scanner.py:177)
2021-05-02 00:58:23,257: [INFO] Starting chromedevtools (scanner.py:177)
2021-05-02 01:03:21,292: [INFO] Starting chromedevtools (scanner.py:177)
2021-05-02 01:03:53,372: [INFO] Finished chromedevtools (scanner.py:201)
2021-05-02 18:59:09,617: [INFO] Starting chromedevtools (scanner.py:177)
2021-05-02 18:59:41,879: [INFO] Finished chromedevtools (scanner.py:201)
2021-05-02 19:08:11,128: [INFO] Starting chromedevtools (scanner.py:177)
2021-05-02 19:08:44,888: [INFO] Finished chromedevtools (scanner.py:201)
2021-05-02 19:15:49,626: [INFO] Starting chromedevtools (scanner.py:177)
2021-05-02 19:16:19,510: [INFO] Finished chromedevtools (scanner.py:201)
2021-05-02 19:22:31,894: [INFO] Starting chromedevtools (scanner.py:177)
2021-05-02 19:23:02,846: [INFO] Finished chromedevtools (scanner.py:201)
2021-05-02 23:54:07,973: [INFO] Starting chromedevtools (scanner.py:177)
2021-05-02 23:54:37,747: [INFO] Finished chromedevtools (scanner.py:201)
2021-05-05 19:09:54,996: [INFO] Starting chromedevtools (scanner.py:177)
2021-05-05 19:10:26,436: [INFO] Finished chromedevtools (scanner.py:201)
2021-05-12 08:19:46,968: [INFO] Starting chromedevtools (scanner.py:177)
2021-05-12 08:20:34,986: [INFO] Finished chromedevtools (scanner.py:201)
2021-05-12 08:20:52,629: [INFO] Starting chromedevtools (scanner.py:177)
2021-05-12 08:21:23,713: [INFO] Finished chromedevtools (scanner.py:201)
2021-05-12 08:22:29,954: [INFO] Starting chromedevtools (scanner.py:177)
2021-05-12 08:22:59,857: [INFO] Finished chromedevtools (scanner.py:201)
2021-05-12 09:25:36,423: [INFO] Starting chromedevtools (scanner.py:177)
2021-05-12 09:26:09,634: [INFO] Finished chromedevtools (scanner.py:201)
2021-05-12 09:38:21,303: [INFO] Starting chromedevtools (scanner.py:177)
2021-05-12 09:38:50,568: [INFO] Finished chromedevtools (scanner.py:201)
2021-05-12 10:31:29,333: [INFO] Starting chromedevtools (scanner.py:177)
2021-05-12 10:34:27,659: [ERROR] Scan module `chromedevtools` failed. (scanner.py:195)
Traceback (most recent call last):
  File "/home/ronghao/TFG/privacyscanner-master/privacyscanner/scanner.py", line 182, in scan_site
    mod.scan_site(result, scan_meta)
  File "/home/ronghao/TFG/privacyscanner-master/privacyscanner/scanmodules/chromedevtools/__init__.py", line 50, in scan_site
    content = chrome_scan.scan(result, self.logger, self.options, meta, debugging_port)
  File "/home/ronghao/TFG/privacyscanner-master/privacyscanner/scanmodules/chromedevtools/chromescan.py", line 409, in scan
    content = scanner.scan(browser, result, logger, options)
  File "/home/ronghao/TFG/privacyscanner-master/privacyscanner/scanmodules/chromedevtools/chromescan.py", line 562, in scan
    self._extract_information()
  File "/home/ronghao/TFG/privacyscanner-master/privacyscanner/scanmodules/chromedevtools/chromescan.py", line 727, in _extract_information
    extractor.extract_information()
  File "/home/ronghao/TFG/privacyscanner-master/privacyscanner/scanmodules/chromedevtools/extractors/screenshot.py", line 11, in extract_information
    screenshot = self.page.tab.Page.captureScreenshot(clip={
  File "/home/ronghao/TFG/privacyscanner-master/venv/lib/python3.8/site-packages/pychrome/tab.py", line 174, in call_method
    result = self._send({"method": _method, "params": kwargs}, timeout=timeout)
  File "/home/ronghao/TFG/privacyscanner-master/venv/lib/python3.8/site-packages/pychrome/tab.py", line 113, in _send
    raise UserAbortException("User abort, call stop() when calling %s" % message['method'])
pychrome.exceptions.UserAbortException: User abort, call stop() when calling Page.captureScreenshot
2021-05-12 10:34:27,670: [INFO] Finished chromedevtools (scanner.py:201)
2021-05-12 10:34:27,672: [INFO] Starting chromedevtools (scanner.py:177)
2021-05-12 10:35:11,152: [INFO] Starting chromedevtools (scanner.py:177)
2021-05-12 10:35:47,235: [INFO] Finished chromedevtools (scanner.py:201)
2021-05-12 10:40:19,200: [INFO] Starting chromedevtools (scanner.py:177)
2021-05-12 10:40:57,514: [INFO] Finished chromedevtools (scanner.py:201)
2021-05-12 10:42:07,712: [INFO] Starting chromedevtools (scanner.py:177)
2021-05-12 10:43:00,477: [INFO] Finished chromedevtools (scanner.py:201)
2021-05-12 10:46:35,824: [INFO] Starting chromedevtools (scanner.py:177)
2021-05-12 10:46:38,689: [ERROR] Scan module `chromedevtools` failed. (scanner.py:195)
Traceback (most recent call last):
  File "/home/ronghao/TFG/privacyscanner-master/privacyscanner/scanmodules/chromedevtools/chromescan.py", line 409, in scan
    content = scanner.scan(browser, result, logger, options)
  File "/home/ronghao/TFG/privacyscanner-master/privacyscanner/scanmodules/chromedevtools/chromescan.py", line 501, in scan
    self._page_loaded.wait(load_max_wait)
  File "/usr/lib/python3.8/threading.py", line 558, in wait
    signaled = self._cond.wait(timeout)
  File "/usr/lib/python3.8/threading.py", line 306, in wait
    gotit = waiter.acquire(True, timeout)
KeyboardInterrupt

During handling of the above exception, another exception occurred:

Traceback (most recent call last):
  File "/home/ronghao/TFG/privacyscanner-master/privacyscanner/scanner.py", line 182, in scan_site
    mod.scan_site(result, scan_meta)
  File "/home/ronghao/TFG/privacyscanner-master/privacyscanner/scanmodules/chromedevtools/__init__.py", line 50, in scan_site
    content = chrome_scan.scan(result, self.logger, self.options, meta, debugging_port)
  File "/home/ronghao/TFG/privacyscanner-master/privacyscanner/scanmodules/chromedevtools/chromescan.py", line 426, in scan
    chrome_error = 'not-reachable'
  File "/home/ronghao/TFG/privacyscanner-master/privacyscanner/scanmodules/chromedevtools/chromescan.py", line 395, in __exit__
    self._temp_dir.cleanup()
  File "/usr/lib/python3.8/tempfile.py", line 971, in cleanup
    self._rmtree(self.name)
  File "/usr/lib/python3.8/tempfile.py", line 953, in _rmtree
    _rmtree(name, onerror=onerror)
  File "/usr/lib/python3.8/shutil.py", line 715, in rmtree
    _rmtree_safe_fd(fd, path, onerror)
  File "/usr/lib/python3.8/shutil.py", line 652, in _rmtree_safe_fd
    _rmtree_safe_fd(dirfd, fullname, onerror)
  File "/usr/lib/python3.8/shutil.py", line 652, in _rmtree_safe_fd
    _rmtree_safe_fd(dirfd, fullname, onerror)
  File "/usr/lib/python3.8/shutil.py", line 656, in _rmtree_safe_fd
    onerror(os.rmdir, fullname, sys.exc_info())
  File "/usr/lib/python3.8/shutil.py", line 654, in _rmtree_safe_fd
    os.rmdir(entry.name, dir_fd=topfd)
OSError: [Errno 39] Directory not empty: 'Cache'
2021-05-12 10:46:38,741: [INFO] Finished chromedevtools (scanner.py:201)
2021-05-12 10:46:38,743: [INFO] Starting chromedevtools (scanner.py:177)
2021-05-12 10:46:44,375: [INFO] Starting chromedevtools (scanner.py:177)
2021-05-12 10:47:25,207: [INFO] Finished chromedevtools (scanner.py:201)
2021-05-12 10:48:13,278: [INFO] Starting chromedevtools (scanner.py:177)
2021-05-12 10:48:49,911: [INFO] Finished chromedevtools (scanner.py:201)
2021-05-12 15:09:26,226: [INFO] Starting chromedevtools (scanner.py:177)
2021-05-12 15:09:56,164: [INFO] Finished chromedevtools (scanner.py:201)
2021-05-12 15:18:39,340: [INFO] Starting chromedevtools (scanner.py:177)
2021-05-12 15:19:11,266: [INFO] Finished chromedevtools (scanner.py:201)
2021-05-12 16:32:18,014: [INFO] Starting chromedevtools (scanner.py:177)
2021-05-12 16:46:42,110: [INFO] Starting chromedevtools (scanner.py:177)
2021-05-12 16:47:22,013: [INFO] Finished chromedevtools (scanner.py:201)
2021-05-12 16:54:08,033: [INFO] Starting chromedevtools (scanner.py:177)
2021-05-12 16:54:49,552: [INFO] Finished chromedevtools (scanner.py:201)
2021-05-12 17:08:29,342: [INFO] Starting chromedevtools (scanner.py:177)
2021-05-12 17:09:04,916: [INFO] Finished chromedevtools (scanner.py:201)
2021-05-12 17:11:30,357: [INFO] Starting chromedevtools (scanner.py:177)
2021-05-12 17:12:04,960: [ERROR] Scan module `chromedevtools` failed. (scanner.py:195)
Traceback (most recent call last):
  File "/home/ronghao/TFG/privacyscanner-master/privacyscanner/scanner.py", line 182, in scan_site
    mod.scan_site(result, scan_meta)
  File "/home/ronghao/TFG/privacyscanner-master/privacyscanner/scanmodules/chromedevtools/__init__.py", line 50, in scan_site
    content = chrome_scan.scan(result, self.logger, self.options, meta, debugging_port)
  File "/home/ronghao/TFG/privacyscanner-master/privacyscanner/scanmodules/chromedevtools/chromescan.py", line 409, in scan
    content = scanner.scan(browser, result, logger, options)
  File "/home/ronghao/TFG/privacyscanner-master/privacyscanner/scanmodules/chromedevtools/chromescan.py", line 562, in scan
    self._extract_information()
  File "/home/ronghao/TFG/privacyscanner-master/privacyscanner/scanmodules/chromedevtools/chromescan.py", line 727, in _extract_information
    extractor.extract_information()
  File "/home/ronghao/TFG/privacyscanner-master/privacyscanner/scanmodules/chromedevtools/extractors/requests.py", line 10, in extract_information
    if request['headers']['Referer']:
KeyError: 'Referer'
2021-05-12 17:12:04,968: [INFO] Finished chromedevtools (scanner.py:201)
2021-05-12 17:12:04,973: [INFO] Starting chromedevtools (scanner.py:177)
2021-05-12 17:13:55,877: [INFO] Starting chromedevtools (scanner.py:177)
2021-05-12 17:14:27,357: [ERROR] Scan module `chromedevtools` failed. (scanner.py:195)
Traceback (most recent call last):
  File "/home/ronghao/TFG/privacyscanner-master/privacyscanner/scanner.py", line 182, in scan_site
    mod.scan_site(result, scan_meta)
  File "/home/ronghao/TFG/privacyscanner-master/privacyscanner/scanmodules/chromedevtools/__init__.py", line 50, in scan_site
    content = chrome_scan.scan(result, self.logger, self.options, meta, debugging_port)
  File "/home/ronghao/TFG/privacyscanner-master/privacyscanner/scanmodules/chromedevtools/chromescan.py", line 409, in scan
    content = scanner.scan(browser, result, logger, options)
  File "/home/ronghao/TFG/privacyscanner-master/privacyscanner/scanmodules/chromedevtools/chromescan.py", line 562, in scan
    self._extract_information()
  File "/home/ronghao/TFG/privacyscanner-master/privacyscanner/scanmodules/chromedevtools/chromescan.py", line 727, in _extract_information
    extractor.extract_information()
  File "/home/ronghao/TFG/privacyscanner-master/privacyscanner/scanmodules/chromedevtools/extractors/requests.py", line 19, in extract_information
    'referer': referer,
UnboundLocalError: local variable 'referer' referenced before assignment
2021-05-12 17:14:27,374: [INFO] Finished chromedevtools (scanner.py:201)
2021-05-12 17:14:27,378: [INFO] Starting chromedevtools (scanner.py:177)
2021-05-12 17:16:44,314: [INFO] Starting chromedevtools (scanner.py:177)
2021-05-12 17:17:24,724: [INFO] Finished chromedevtools (scanner.py:201)
2021-05-12 18:46:48,312: [INFO] Starting chromedevtools (scanner.py:177)
2021-05-12 18:47:19,711: [INFO] Finished chromedevtools (scanner.py:201)
2021-05-15 10:27:03,113: [INFO] Starting chromedevtools (scanner.py:177)
2021-05-15 10:27:32,829: [INFO] Finished chromedevtools (scanner.py:201)
2021-05-15 10:56:07,881: [INFO] Starting chromedevtools (scanner.py:177)
2021-05-15 10:56:37,907: [INFO] Finished chromedevtools (scanner.py:201)
2021-05-15 11:13:52,028: [INFO] Starting chromedevtools (scanner.py:177)
2021-05-15 11:14:21,931: [INFO] Finished chromedevtools (scanner.py:201)
2021-05-16 00:04:44,314: [INFO] Starting chromedevtools (scanner.py:177)
2021-05-16 00:05:14,927: [INFO] Finished chromedevtools (scanner.py:201)
2021-05-16 00:06:38,478: [INFO] Starting chromedevtools (scanner.py:177)
2021-05-16 00:07:08,353: [INFO] Finished chromedevtools (scanner.py:201)
2021-05-16 00:09:01,959: [INFO] Starting chromedevtools (scanner.py:177)
2021-05-16 00:09:41,933: [INFO] Starting chromedevtools (scanner.py:177)
2021-05-16 00:10:11,027: [INFO] Finished chromedevtools (scanner.py:201)
2021-05-16 00:10:26,107: [INFO] Starting chromedevtools (scanner.py:177)
2021-05-16 00:10:55,272: [INFO] Finished chromedevtools (scanner.py:201)
2021-05-16 00:11:22,430: [INFO] Starting chromedevtools (scanner.py:177)
2021-05-16 00:11:52,184: [INFO] Finished chromedevtools (scanner.py:201)
2021-05-16 00:13:11,618: [INFO] Starting chromedevtools (scanner.py:177)
2021-05-16 00:13:42,220: [INFO] Finished chromedevtools (scanner.py:201)
2021-05-16 00:15:39,848: [INFO] Starting chromedevtools (scanner.py:177)
2021-05-16 00:16:11,159: [INFO] Finished chromedevtools (scanner.py:201)
2021-05-16 00:16:35,170: [INFO] Starting chromedevtools (scanner.py:177)
2021-05-16 00:17:07,277: [INFO] Finished chromedevtools (scanner.py:201)
2021-05-16 00:18:41,510: [INFO] Starting chromedevtools (scanner.py:177)
2021-05-16 00:19:11,578: [INFO] Finished chromedevtools (scanner.py:201)
2021-05-16 01:16:28,900: [INFO] Starting chromedevtools (scanner.py:177)
2021-05-16 01:16:59,104: [INFO] Finished chromedevtools (scanner.py:201)
2021-05-16 01:24:34,390: [INFO] Starting chromedevtools (scanner.py:177)
2021-05-16 01:25:02,705: [INFO] Finished chromedevtools (scanner.py:201)
2021-05-16 01:26:01,605: [INFO] Starting chromedevtools (scanner.py:177)
2021-05-16 01:26:30,586: [INFO] Finished chromedevtools (scanner.py:201)
2021-05-16 01:41:46,596: [INFO] Starting chromedevtools (scanner.py:177)
2021-05-16 01:42:17,455: [INFO] Finished chromedevtools (scanner.py:201)
2021-05-16 10:31:42,420: [INFO] Starting chromedevtools (scanner.py:177)
2021-05-16 10:32:12,039: [INFO] Finished chromedevtools (scanner.py:201)
2021-05-16 10:36:32,282: [INFO] Starting chromedevtools (scanner.py:177)
2021-05-16 10:37:02,597: [INFO] Finished chromedevtools (scanner.py:201)
2021-05-16 10:37:46,846: [INFO] Starting chromedevtools (scanner.py:177)
2021-05-16 10:38:20,962: [INFO] Finished chromedevtools (scanner.py:201)
2021-05-16 10:39:23,417: [INFO] Starting chromedevtools (scanner.py:177)
2021-05-16 10:39:55,978: [INFO] Finished chromedevtools (scanner.py:201)
2021-05-16 10:40:30,305: [INFO] Starting chromedevtools (scanner.py:177)
2021-05-16 10:41:02,704: [INFO] Finished chromedevtools (scanner.py:201)
2021-05-16 10:44:00,736: [INFO] Starting chromedevtools (scanner.py:177)
2021-05-16 10:44:31,469: [INFO] Finished chromedevtools (scanner.py:201)
2021-05-16 10:46:01,726: [INFO] Starting chromedevtools (scanner.py:177)
2021-05-16 10:46:31,786: [INFO] Finished chromedevtools (scanner.py:201)
2021-05-16 10:46:57,272: [INFO] Starting chromedevtools (scanner.py:177)
2021-05-16 10:47:32,926: [INFO] Finished chromedevtools (scanner.py:201)
2021-05-16 10:48:23,864: [INFO] Starting chromedevtools (scanner.py:177)
2021-05-16 10:48:56,162: [INFO] Finished chromedevtools (scanner.py:201)
2021-05-16 10:52:37,306: [INFO] Starting chromedevtools (scanner.py:177)
2021-05-16 10:53:08,748: [INFO] Finished chromedevtools (scanner.py:201)
2021-05-16 10:53:30,120: [INFO] Starting chromedevtools (scanner.py:177)
2021-05-16 10:54:04,350: [INFO] Finished chromedevtools (scanner.py:201)
2021-05-16 10:55:10,202: [INFO] Starting chromedevtools (scanner.py:177)
2021-05-16 10:55:39,161: [INFO] Finished chromedevtools (scanner.py:201)
2021-05-16 10:58:10,321: [INFO] Starting chromedevtools (scanner.py:177)
2021-05-16 10:58:50,984: [INFO] Starting chromedevtools (scanner.py:177)
2021-05-16 11:00:18,978: [INFO] Starting chromedevtools (scanner.py:177)
2021-05-16 11:00:50,463: [INFO] Finished chromedevtools (scanner.py:201)
2021-05-16 11:02:52,914: [INFO] Starting chromedevtools (scanner.py:177)
2021-05-16 11:03:27,027: [INFO] Finished chromedevtools (scanner.py:201)
2021-05-16 11:06:36,455: [INFO] Starting chromedevtools (scanner.py:177)
2021-05-16 11:07:08,446: [INFO] Finished chromedevtools (scanner.py:201)
